Samples/singularity-sdk-unity/Library/Bee/Android/Prj/Mono2x/Gradle/launcher/build/intermediates/manifest_merge_blame_file/release/manifest-merger-blame-release-report.txt
1<?xml version="1.0" encoding="utf-8"?>
2<manifest xmlns:android="http://schemas.android.com/apk/res/android"
3    package="com.Neobrix.singularitysdkunity"
4    android:installLocation="preferExternal"
5    android:versionCode="1"
6    android:versionName="1.0" >
7
8    <uses-sdk
9        android:minSdkVersion="24"
9-->src/main/AndroidManifest.xml
10        android:targetSdkVersion="33" />
10-->src/main/AndroidManifest.xml
11
12    <supports-screens
12-->src/main/AndroidManifest.xml:3:3-163
13        android:anyDensity="true"
13-->src/main/AndroidManifest.xml:3:135-160
14        android:largeScreens="true"
14-->src/main/AndroidManifest.xml:3:78-105
15        android:normalScreens="true"
15-->src/main/AndroidManifest.xml:3:49-77
16        android:smallScreens="true"
16-->src/main/AndroidManifest.xml:3:21-48
17        android:xlargeScreens="true" />
17-->src/main/AndroidManifest.xml:3:106-134
18
19    <uses-feature android:glEsVersion="0x00030000" />
19-->[:unityLibrary] AndroidManifest.xml:12:5-54
19-->[:unityLibrary] AndroidManifest.xml:12:19-51
20    <uses-feature
20-->[:unityLibrary] AndroidManifest.xml:13:5-15:36
21        android:name="android.hardware.vulkan.version"
21-->[:unityLibrary] AndroidManifest.xml:14:9-55
22        android:required="false" />
22-->[:unityLibrary] AndroidManifest.xml:15:9-33
23
24    <uses-permission android:name="android.permission.INTERNET" />
24-->[:unityLibrary] AndroidManifest.xml:17:5-67
24-->[:unityLibrary] AndroidManifest.xml:17:22-64
25    <uses-permission android:name="android.permission.ACCESS_NETWORK_STATE" />
25-->[:unityLibrary] AndroidManifest.xml:18:5-79
25-->[:unityLibrary] AndroidManifest.xml:18:22-76
26
27    <uses-feature
27-->[:unityLibrary] AndroidManifest.xml:20:5-22:36
28        android:name="android.hardware.touchscreen"
28-->[:unityLibrary] AndroidManifest.xml:21:9-52
29        android:required="false" />
29-->[:unityLibrary] AndroidManifest.xml:22:9-33
30    <uses-feature
30-->[:unityLibrary] AndroidManifest.xml:23:5-25:36
31        android:name="android.hardware.touchscreen.multitouch"
31-->[:unityLibrary] AndroidManifest.xml:24:9-63
32        android:required="false" />
32-->[:unityLibrary] AndroidManifest.xml:25:9-33
33    <uses-feature
33-->[:unityLibrary] AndroidManifest.xml:26:5-28:36
34        android:name="android.hardware.touchscreen.multitouch.distinct"
34-->[:unityLibrary] AndroidManifest.xml:27:9-72
35        android:required="false" />
35-->[:unityLibrary] AndroidManifest.xml:28:9-33
36
37    <application
37-->src/main/AndroidManifest.xml:4:3-83
38        android:name="io.neobrix.singularity_sdk_android.SingularityApp"
38-->[:gg.s9y.singularity-sdk-android-1.0.0-beta.3:] AndroidManifest.xml:13:9-73
39        android:allowBackup="true"
39-->[:gg.s9y.singularity-sdk-android-1.0.0-beta.3:] AndroidManifest.xml:14:9-35
40        android:appComponentFactory="androidx.core.app.CoreComponentFactory"
40-->[:androidx.core.core-1.7.0:] AndroidManifest.xml:24:18-86
41        android:enableOnBackInvokedCallback="true"
41-->[:unityLibrary] AndroidManifest.xml:31:9-51
42        android:extractNativeLibs="true"
42-->[:unityLibrary] AndroidManifest.xml:32:9-41
43        android:fullBackupContent="@xml/backup_rules"
43-->[:gg.s9y.singularity-sdk-android-1.0.0-beta.3:] AndroidManifest.xml:16:9-54
44        android:icon="@mipmap/app_icon"
44-->src/main/AndroidManifest.xml:4:49-80
45        android:label="@string/app_name"
45-->src/main/AndroidManifest.xml:4:16-48
46        android:supportsRtl="true"
46-->[:gg.s9y.singularity-sdk-android-1.0.0-beta.3:] AndroidManifest.xml:17:9-35
47        android:theme="@style/AppTheme" >
47-->[:gg.s9y.singularity-sdk-android-1.0.0-beta.3:] AndroidManifest.xml:18:9-40
48        <activity
48-->[:unityLibrary] AndroidManifest.xml:34:9-55:20
49            android:name="com.unity3d.player.UnityPlayerActivity"
49-->[:unityLibrary] AndroidManifest.xml:35:13-66
50            android:configChanges="mcc|mnc|locale|touchscreen|keyboard|keyboardHidden|navigation|orientation|screenLayout|uiMode|screenSize|smallestScreenSize|fontScale|layoutDirection|density"
50-->[:unityLibrary] AndroidManifest.xml:36:13-194
51            android:exported="true"
51-->[:unityLibrary] AndroidManifest.xml:37:13-36
52            android:hardwareAccelerated="false"
52-->[:unityLibrary] AndroidManifest.xml:38:13-48
53            android:launchMode="singleTask"
53-->[:unityLibrary] AndroidManifest.xml:39:13-44
54            android:resizeableActivity="false"
54-->[:unityLibrary] AndroidManifest.xml:40:13-47
55            android:screenOrientation="fullUser"
55-->[:unityLibrary] AndroidManifest.xml:41:13-49
56            android:theme="@style/UnityThemeSelector" >
56-->[:unityLibrary] AndroidManifest.xml:42:13-54
57            <intent-filter>
57-->[:unityLibrary] AndroidManifest.xml:43:13-47:29
58                <action android:name="android.intent.action.MAIN" />
58-->[:unityLibrary] AndroidManifest.xml:44:17-69
58-->[:unityLibrary] AndroidManifest.xml:44:25-66
59
60                <category android:name="android.intent.category.LAUNCHER" />
60-->[:unityLibrary] AndroidManifest.xml:46:17-77
60-->[:unityLibrary] AndroidManifest.xml:46:27-74
61            </intent-filter>
62
63            <meta-data
63-->[:unityLibrary] AndroidManifest.xml:49:13-51:40
64                android:name="unityplayer.UnityActivity"
64-->[:unityLibrary] AndroidManifest.xml:50:17-57
65                android:value="true" />
65-->[:unityLibrary] AndroidManifest.xml:51:17-37
66            <meta-data
66-->[:unityLibrary] AndroidManifest.xml:52:13-54:40
67                android:name="android.notch_support"
67-->[:unityLibrary] AndroidManifest.xml:53:17-53
68                android:value="true" />
68-->[:unityLibrary] AndroidManifest.xml:54:17-37
69        </activity>
70
71        <meta-data
71-->[:unityLibrary] AndroidManifest.xml:57:9-59:33
72            android:name="unity.splash-mode"
72-->[:unityLibrary] AndroidManifest.xml:58:13-45
73            android:value="0" />
73-->[:unityLibrary] AndroidManifest.xml:59:13-30
74        <meta-data
74-->[:unityLibrary] AndroidManifest.xml:60:9-62:36
75            android:name="unity.splash-enable"
75-->[:unityLibrary] AndroidManifest.xml:61:13-47
76            android:value="True" />
76-->[:unityLibrary] AndroidManifest.xml:62:13-33
77        <meta-data
77-->[:unityLibrary] AndroidManifest.xml:63:9-65:36
78            android:name="unity.launch-fullscreen"
78-->[:unityLibrary] AndroidManifest.xml:64:13-51
79            android:value="True" />
79-->[:unityLibrary] AndroidManifest.xml:65:13-33
80        <meta-data
80-->[:unityLibrary] AndroidManifest.xml:66:9-68:37
81            android:name="unity.allow-resizable-window"
81-->[:unityLibrary] AndroidManifest.xml:67:13-56
82            android:value="False" />
82-->[:unityLibrary] AndroidManifest.xml:68:13-34
83        <meta-data
83-->[:unityLibrary] AndroidManifest.xml:69:9-71:50
84            android:name="notch.config"
84-->[:unityLibrary] AndroidManifest.xml:70:13-40
85            android:value="portrait|landscape" />
85-->[:unityLibrary] AndroidManifest.xml:71:13-47
86
87        <provider
87-->[:androidx.startup.startup-runtime-1.0.0:] AndroidManifest.xml:20:5-187
88            android:name="androidx.startup.InitializationProvider"
88-->[:androidx.startup.startup-runtime-1.0.0:] AndroidManifest.xml:20:15-69
89            android:authorities="com.Neobrix.singularitysdkunity.androidx-startup"
89-->[:androidx.startup.startup-runtime-1.0.0:] AndroidManifest.xml:20:70-140
90            android:exported="false" >
90-->[:androidx.startup.startup-runtime-1.0.0:] AndroidManifest.xml:20:141-165
91            <meta-data
91-->[:androidx.emoji2.emoji2-1.0.0:] AndroidManifest.xml:21:7-112
92                android:name="androidx.emoji2.text.EmojiCompatInitializer"
92-->[:androidx.emoji2.emoji2-1.0.0:] AndroidManifest.xml:21:18-76
93                android:value="androidx.startup" />
93-->[:androidx.emoji2.emoji2-1.0.0:] AndroidManifest.xml:21:77-109
94            <meta-data
94-->[:androidx.lifecycle.lifecycle-process-2.4.0:] AndroidManifest.xml:21:7-115
95                android:name="androidx.lifecycle.ProcessLifecycleInitializer"
95-->[:androidx.lifecycle.lifecycle-process-2.4.0:] AndroidManifest.xml:21:18-79
96                android:value="androidx.startup" />
96-->[:androidx.lifecycle.lifecycle-process-2.4.0:] AndroidManifest.xml:21:80-112
97        </provider>
98
99        <activity
99-->[:gg.s9y.singularity-sdk-android-1.0.0-beta.3:] AndroidManifest.xml:20:9-23:20
100            android:name="io.neobrix.singularity_sdk_android.SingularityLoginActivity"
100-->[:gg.s9y.singularity-sdk-android-1.0.0-beta.3:] AndroidManifest.xml:21:13-87
101            android:exported="true" >
101-->[:gg.s9y.singularity-sdk-android-1.0.0-beta.3:] AndroidManifest.xml:22:13-36
102        </activity>
103    </application>
104
105</manifest>